[2026-03-19T10:57:53.912Z] GET http://localhost:8765/kurs-marlon-v2.html → 200 (18ms, 50194B)
[2026-03-19T10:57:53.949Z] GET https://fonts.googleapis.com/css2?family=Outfit:wght@300;400;500;600;700&family=Syne:wght@600;700;800&display=swap → 200 (116ms, 7606B)
[2026-03-19T10:57:53.949Z] GET https://heycoachproduction.de/wp-content/uploads/2025/05/Logo-white.svg → pending (?ms, ?B)
[2026-03-19T10:57:53.949Z] GET https://heycoachproduction.de/wp-content/uploads/2025/05/6.jpg → pending (?ms, ?B)
[2026-03-19T10:57:53.949Z] GET https://images.unsplash.com/photo-1549719386-74dfcbf7dbed?w=400&q=80 → 200 (117ms, 25246B)
[2026-03-19T10:57:53.949Z] GET https://images.unsplash.com/photo-1517438476312-10d79c077509?w=400&q=80 → 200 (190ms, 63715B)
[2026-03-19T10:57:53.949Z] GET https://images.unsplash.com/photo-1571019613576-2b22c76fd955?w=400&q=80 → 200 (190ms, 33468B)
[2026-03-19T10:57:53.949Z] GET https://images.unsplash.com/photo-1605296867304-46d5465a13f1?w=400&q=80 → 200 (113ms, 11795B)
[2026-03-19T10:57:53.950Z] GET https://images.unsplash.com/photo-1534438327276-14e5300c3a48?w=400&q=80 → 200 (190ms, 33744B)
[2026-03-19T10:57:53.950Z] GET https://images.unsplash.com/photo-1583454110551-21f2fa2afe61?w=400&q=80 → 200 (114ms, 23593B)
[2026-03-19T10:57:53.962Z] GET https://www.youtube-nocookie.com/embed/AIyFkeaq_6A?rel=0&modestbranding=1 → 200 (171ms, 117777B)
[2026-03-19T10:57:54.138Z] GET https://fonts.gstatic.com/s/outfit/v15/QGYvz_MVcBeNP4NJtEtqUYLknw.woff2 → pending (?ms, ?B)
[2026-03-19T10:57:54.138Z] GET https://fonts.gstatic.com/s/syne/v24/8vIH7w4qzmVxm2BL9G78HEY.woff2 → pending (?ms, ?B)
[2026-03-19T10:57:54.145Z] GET https://www.youtube-nocookie.com/s/player/f4f314f0/www-player.css → 200 (22ms, ?B)
[2026-03-19T10:57:54.145Z] GET https://www.youtube-nocookie.com/s/player/f4f314f0/player_ias.vflset/de_DE/embed.js → pending (?ms, ?B)
[2026-03-19T10:57:54.145Z] GET https://www.youtube-nocookie.com/s/embeds/da1d2cdd/www-embed-player.vflset/www-embed-player.js → pending (?ms, ?B)
[2026-03-19T10:57:54.146Z] GET https://www.youtube-nocookie.com/s/player/f4f314f0/player_ias.vflset/de_DE/base.js → pending (?ms, ?B)
[2026-03-19T10:57:54.149Z] GET https://fonts.gstatic.com/s/roboto/v48/KFO7CnqEu92Fr1ME7kSn66aGLdTylUAMa3yUBHMdazQ.woff2 → pending (?ms, ?B)
[2026-03-19T10:57:54.479Z] GET https://www.youtube-nocookie.com/s/player/f4f314f0/player_ias.vflset/de_DE/remote.js → 200 (17ms, 124647B)
[2026-03-19T10:57:54.479Z] GET https://i.ytimg.com/vi/AIyFkeaq_6A/maxresdefault.jpg?sqp=-oaymwEmCIAKENAF8quKqQMa8AEB-AH-CYAC0AWKAgwIABABGGIgVyhlMA8=&rs=AOn4CLB13INijZhbtogGczDBcCLoRhoQNg → 200 (139ms, 70139B)
[2026-03-19T10:57:54.492Z] GET https://yt3.ggpht.com/tguEaznNN3z1XU8u5xx0FO40a1g3sewsydaTOHV9DJnP7Pr_poCCq3XWoYkk6hQdR4fHvm8C0w=s68-c-k-c0x00ffffff-no-rj → 200 (149ms, 1939B)
[2026-03-19T10:57:54.508Z] GET https://www.gstatic.com/cv/js/sender/v1/cast_sender.js → 200 (60ms, 4272B)
[2026-03-19T10:57:54.918Z] GET https://www.google.com/js/th/LYGO7nBs0Cb_9GQDUN1s7aG0tOayZnmPpDO_0IRZRKU.js → 200 (86ms, 62455B)
[2026-03-19T10:57:55.057Z] GET https://www.youtube-nocookie.com/generate_204?BcWjcA → 204 (17ms, ?B)
[2026-03-19T10:57:55.073Z] POST https://jnn-pa.googleapis.com/$rpc/google.internal.waa.v1.Waa/GenerateIT → pending (?ms, ?B)
[2026-03-19T10:57:58.239Z] POST https://www.youtube-nocookie.com/youtubei/v1/log_event?alt=json → 200 (41ms, 28B)
[2026-03-19T10:58:54.236Z] POST https://www.youtube-nocookie.com/youtubei/v1/log_event?alt=json → 200 (73ms, 28B)
